0 info it worked if it ends with ok
1 verbose cli [ 'node', '/usr/local/bin/npm', 'start' ]
2 info using npm@3.3.4
3 info using node@v0.10.29
4 verbose node symlink /usr/local/bin/node
5 verbose run-script [ 'prestart', 'start', 'poststart' ]
6 info lifecycle jon-rovira-portfolio@0.0.0~prestart: jon-rovira-portfolio@0.0.0
7 silly lifecycle jon-rovira-portfolio@0.0.0~prestart: no script for prestart, continuing
8 info lifecycle jon-rovira-portfolio@0.0.0~start: jon-rovira-portfolio@0.0.0
9 verbose lifecycle jon-rovira-portfolio@0.0.0~start: unsafe-perm in lifecycle true
10 verbose lifecycle jon-rovira-portfolio@0.0.0~start: PATH: /usr/local/lib/node_modules/npm/bin/node-gyp-bin:/Users/jonrovira/Documents/Projects/portfolio/PortfolioApp/node_modules/.bin:/Users/jonrovira/.rvm/gems/ruby-2.1.5/bin:/Users/jonrovira/.rvm/gems/ruby-2.1.5@global/bin:/Users/jonrovira/.rvm/rubies/ruby-2.1.5/bin:/usr/local/bin:/usr/local/share/python:/usr/local/bin:/usr/bin:/bin:/usr/sbin:/sbin:/opt/X11/bin:/usr/local/git/bin:/Library/TeX/texbin:/Users/jonrovira/.rvm/bin:/usr/local/heroku/bin:/bin:/sbin:/usr/bin:/usr/local/sbin:/usr/local/bin:/usr/local/git/bin:/Users/jonrovira/.rvm/bin
11 verbose lifecycle jon-rovira-portfolio@0.0.0~start: CWD: /Users/jonrovira/Documents/Projects/portfolio/PortfolioApp
12 silly lifecycle jon-rovira-portfolio@0.0.0~start: Args: [ '-c', 'node ./bin/www' ]
13 silly lifecycle jon-rovira-portfolio@0.0.0~start: Returned: code: 8  signal: null
14 info lifecycle jon-rovira-portfolio@0.0.0~start: Failed to exec start script
15 verbose stack Error: jon-rovira-portfolio@0.0.0 start: `node ./bin/www`
15 verbose stack Exit status 8
15 verbose stack     at EventEmitter.<anonymous> (/usr/local/lib/node_modules/npm/lib/utils/lifecycle.js:233:16)
15 verbose stack     at EventEmitter.emit (events.js:98:17)
15 verbose stack     at ChildProcess.<anonymous> (/usr/local/lib/node_modules/npm/lib/utils/spawn.js:24:14)
15 verbose stack     at ChildProcess.emit (events.js:98:17)
15 verbose stack     at maybeClose (child_process.js:755:16)
15 verbose stack     at Process.ChildProcess._handle.onexit (child_process.js:822:5)
16 verbose pkgid jon-rovira-portfolio@0.0.0
17 verbose cwd /Users/jonrovira/Documents/Projects/portfolio/PortfolioApp
18 error Darwin 15.0.0
19 error argv "node" "/usr/local/bin/npm" "start"
20 error node v0.10.29
21 error npm  v3.3.4
22 error code ELIFECYCLE
23 error jon-rovira-portfolio@0.0.0 start: `node ./bin/www`
23 error Exit status 8
24 error Failed at the jon-rovira-portfolio@0.0.0 start script 'node ./bin/www'.
24 error This is most likely a problem with the jon-rovira-portfolio package,
24 error not with npm itself.
24 error Tell the author that this fails on your system:
24 error     node ./bin/www
24 error You can get their info via:
24 error     npm owner ls jon-rovira-portfolio
24 error There is likely additional logging output above.
25 verbose exit [ 1, true ]
